{"G:\\ERP\\feeOn-backend\\index.js": {"path":"G:\\ERP\\feeOn-backend\\index.js","statementMap":{"0":{"start":{"line":1,"column":17},"end":{"line":1,"column":30}},"1":{"start":{"line":2,"column":16},"end":{"line":2,"column":34}},"2":{"start":{"line":3,"column":0},"end":{"line":3,"column":55}},"3":{"start":{"line":4,"column":13},"end":{"line":4,"column":28}},"4":{"start":{"line":5,"column":18},"end":{"line":5,"column":47}},"5":{"start":{"line":6,"column":19},"end":{"line":6,"column":41}},"6":{"start":{"line":7,"column":24},"end":{"line":7,"column":49}},"7":{"start":{"line":8,"column":29},"end":{"line":8,"column":62}},"8":{"start":{"line":9,"column":24},"end":{"line":9,"column":55}},"9":{"start":{"line":11,"column":12},"end":{"line":11,"column":21}},"10":{"start":{"line":13,"column":0},"end":{"line":13,"column":27}},"11":{"start":{"line":14,"column":0},"end":{"line":14,"column":51}},"12":{"start":{"line":15,"column":0},"end":{"line":15,"column":16}},"13":{"start":{"line":17,"column":16},"end":{"line":22,"column":1}},"14":{"start":{"line":24,"column":0},"end":{"line":28,"column":2}},"15":{"start":{"line":30,"column":0},"end":{"line":30,"column":18}},"16":{"start":{"line":32,"column":0},"end":{"line":34,"column":3}},"17":{"start":{"line":33,"column":1},"end":{"line":33,"column":48}},"18":{"start":{"line":36,"column":0},"end":{"line":36,"column":26}},"19":{"start":{"line":38,"column":0},"end":{"line":38,"column":56}},"20":{"start":{"line":39,"column":0},"end":{"line":39,"column":64}},"21":{"start":{"line":41,"column":0},"end":{"line":46,"column":3}},"22":{"start":{"line":42,"column":1},"end":{"line":45,"column":4}},"23":{"start":{"line":48,"column":13},"end":{"line":48,"column":37}},"24":{"start":{"line":49,"column":0},"end":{"line":51,"column":3}},"25":{"start":{"line":50,"column":1},"end":{"line":50,"column":65}},"26":{"start":{"line":53,"column":0},"end":{"line":53,"column":21}}},"fnMap":{"0":{"name":"(anonymous_0)","decl":{"start":{"line":32,"column":13},"end":{"line":32,"column":14}},"loc":{"start":{"line":32,"column":27},"end":{"line":34,"column":1}},"line":32},"1":{"name":"(anonymous_1)","decl":{"start":{"line":41,"column":8},"end":{"line":41,"column":9}},"loc":{"start":{"line":41,"column":33},"end":{"line":46,"column":1}},"line":41},"2":{"name":"(anonymous_2)","decl":{"start":{"line":49,"column":17},"end":{"line":49,"column":18}},"loc":{"start":{"line":49,"column":23},"end":{"line":51,"column":1}},"line":49}},"branchMap":{"0":{"loc":{"start":{"line":42,"column":12},"end":{"line":42,"column":33}},"type":"binary-expr","locations":[{"start":{"line":42,"column":12},"end":{"line":42,"column":26}},{"start":{"line":42,"column":30},"end":{"line":42,"column":33}}],"line":42},"1":{"loc":{"start":{"line":43,"column":10},"end":{"line":43,"column":31}},"type":"binary-expr","locations":[{"start":{"line":43,"column":10},"end":{"line":43,"column":20}},{"start":{"line":43,"column":24},"end":{"line":43,"column":31}}],"line":43},"2":{"loc":{"start":{"line":48,"column":13},"end":{"line":48,"column":37}},"type":"binary-expr","locations":[{"start":{"line":48,"column":13},"end":{"line":48,"column":29}},{"start":{"line":48,"column":33},"end":{"line":48,"column":37}}],"line":48}},"s":{"0":1,"1":1,"2":1,"3":1,"4":1,"5":1,"6":1,"7":1,"8":1,"9":1,"10":1,"11":1,"12":1,"13":1,"14":1,"15":1,"16":1,"17":1,"18":1,"19":1,"20":1,"21":1,"22":0,"23":1,"24":1,"25":1,"26":1},"f":{"0":1,"1":0,"2":1},"b":{"0":[0,0],"1":[0,0],"2":[1,0]},"_coverageSchema":"1a1c01bbd47fc00a2c39e90264f33305004495a9","hash":"341a70fb3554f58c208763fbd4b8b33e338f41a1"}
,"G:\\ERP\\feeOn-backend\\controller\\feeSchedule.js": {"path":"G:\\ERP\\feeOn-backend\\controller\\feeSchedule.js","statementMap":{"0":{"start":{"line":1,"column":17},"end":{"line":1,"column":36}},"1":{"start":{"line":2,"column":20},"end":{"line":2,"column":52}},"2":{"start":{"line":3,"column":19},"end":{"line":3,"column":49}},"3":{"start":{"line":4,"column":22},"end":{"line":4,"column":55}},"4":{"start":{"line":5,"column":24},"end":{"line":5,"column":59}},"5":{"start":{"line":10,"column":0},"end":{"line":59,"column":2}},"6":{"start":{"line":11,"column":19},"end":{"line":11,"column":23}},"7":{"start":{"line":20,"column":5},"end":{"line":20,"column":13}},"8":{"start":{"line":21,"column":1},"end":{"line":23,"column":2}},"9":{"start":{"line":22,"column":2},"end":{"line":22,"column":76}},"10":{"start":{"line":24,"column":18},"end":{"line":28,"column":3}},"11":{"start":{"line":29,"column":1},"end":{"line":31,"column":2}},"12":{"start":{"line":30,"column":2},"end":{"line":30,"column":69}},"13":{"start":{"line":32,"column":19},"end":{"line":32,"column":38}},"14":{"start":{"line":33,"column":24},"end":{"line":33,"column":26}},"15":{"start":{"line":34,"column":1},"end":{"line":43,"column":2}},"16":{"start":{"line":35,"column":2},"end":{"line":40,"column":3}},"17":{"start":{"line":36,"column":3},"end":{"line":36,"column":46}},"18":{"start":{"line":37,"column":3},"end":{"line":39,"column":5}},"19":{"start":{"line":42,"column":2},"end":{"line":42,"column":35}},"20":{"start":{"line":44,"column":1},"end":{"line":57,"column":2}},"21":{"start":{"line":45,"column":2},"end":{"line":54,"column":5}},"22":{"start":{"line":56,"column":2},"end":{"line":56,"column":62}},"23":{"start":{"line":58,"column":1},"end":{"line":58,"column":79}},"24":{"start":{"line":64,"column":0},"end":{"line":91,"column":3}},"25":{"start":{"line":65,"column":47},"end":{"line":65,"column":56}},"26":{"start":{"line":66,"column":1},"end":{"line":66,"column":26}},"27":{"start":{"line":67,"column":1},"end":{"line":67,"column":29}},"28":{"start":{"line":68,"column":17},"end":{"line":68,"column":19}},"29":{"start":{"line":69,"column":1},"end":{"line":71,"column":2}},"30":{"start":{"line":70,"column":2},"end":{"line":70,"column":55}},"31":{"start":{"line":72,"column":1},"end":{"line":74,"column":2}},"32":{"start":{"line":73,"column":2},"end":{"line":73,"column":38}},"33":{"start":{"line":75,"column":22},"end":{"line":82,"column":3}},"34":{"start":{"line":83,"column":28},"end":{"line":83,"column":43}},"35":{"start":{"line":85,"column":1},"end":{"line":87,"column":2}},"36":{"start":{"line":86,"column":2},"end":{"line":86,"column":65}},"37":{"start":{"line":88,"column":1},"end":{"line":90,"column":74}},"38":{"start":{"line":96,"column":0},"end":{"line":102,"column":3}},"39":{"start":{"line":97,"column":21},"end":{"line":97,"column":62}},"40":{"start":{"line":98,"column":1},"end":{"line":100,"column":2}},"41":{"start":{"line":99,"column":2},"end":{"line":99,"column":64}},"42":{"start":{"line":101,"column":1},"end":{"line":101,"column":79}},"43":{"start":{"line":107,"column":0},"end":{"line":157,"column":2}},"44":{"start":{"line":108,"column":16},"end":{"line":108,"column":26}},"45":{"start":{"line":109,"column":1},"end":{"line":109,"column":23}},"46":{"start":{"line":118,"column":5},"end":{"line":118,"column":13}},"47":{"start":{"line":119,"column":24},"end":{"line":119,"column":26}},"48":{"start":{"line":120,"column":19},"end":{"line":120,"column":38}},"49":{"start":{"line":121,"column":19},"end":{"line":121,"column":56}},"50":{"start":{"line":123,"column":1},"end":{"line":125,"column":2}},"51":{"start":{"line":124,"column":2},"end":{"line":124,"column":64}},"52":{"start":{"line":126,"column":1},"end":{"line":137,"column":2}},"53":{"start":{"line":131,"column":2},"end":{"line":136,"column":3}},"54":{"start":{"line":132,"column":3},"end":{"line":132,"column":46}},"55":{"start":{"line":133,"column":3},"end":{"line":135,"column":5}},"56":{"start":{"line":138,"column":1},"end":{"line":155,"column":2}},"57":{"start":{"line":139,"column":2},"end":{"line":152,"column":4}},"58":{"start":{"line":154,"column":2},"end":{"line":154,"column":62}},"59":{"start":{"line":156,"column":1},"end":{"line":156,"column":79}},"60":{"start":{"line":162,"column":0},"end":{"line":168,"column":3}},"61":{"start":{"line":163,"column":21},"end":{"line":163,"column":71}},"62":{"start":{"line":164,"column":1},"end":{"line":166,"column":2}},"63":{"start":{"line":165,"column":2},"end":{"line":165,"column":64}},"64":{"start":{"line":167,"column":1},"end":{"line":167,"column":72}}},"fnMap":{"0":{"name":"(anonymous_0)","decl":{"start":{"line":10,"column":17},"end":{"line":10,"column":18}},"loc":{"start":{"line":10,"column":43},"end":{"line":59,"column":1}},"line":10},"1":{"name":"(anonymous_1)","decl":{"start":{"line":64,"column":28},"end":{"line":64,"column":29}},"loc":{"start":{"line":64,"column":54},"end":{"line":91,"column":1}},"line":64},"2":{"name":"(anonymous_2)","decl":{"start":{"line":96,"column":36},"end":{"line":96,"column":37}},"loc":{"start":{"line":96,"column":62},"end":{"line":102,"column":1}},"line":96},"3":{"name":"(anonymous_3)","decl":{"start":{"line":107,"column":17},"end":{"line":107,"column":18}},"loc":{"start":{"line":107,"column":43},"end":{"line":157,"column":1}},"line":107},"4":{"name":"(anonymous_4)","decl":{"start":{"line":162,"column":39},"end":{"line":162,"column":40}},"loc":{"start":{"line":162,"column":65},"end":{"line":168,"column":1}},"line":162}},"branchMap":{"0":{"loc":{"start":{"line":19,"column":2},"end":{"line":19,"column":14}},"type":"default-arg","locations":[{"start":{"line":19,"column":13},"end":{"line":19,"column":14}}],"line":19},"1":{"loc":{"start":{"line":21,"column":1},"end":{"line":23,"column":2}},"type":"if","locations":[{"start":{"line":21,"column":1},"end":{"line":23,"column":2}},{"start":{},"end":{}}],"line":21},"2":{"loc":{"start":{"line":21,"column":5},"end":{"line":21,"column":74}},"type":"binary-expr","locations":[{"start":{"line":21,"column":5},"end":{"line":21,"column":18}},{"start":{"line":21,"column":22},"end":{"line":21,"column":35}},{"start":{"line":21,"column":39},"end":{"line":21,"column":49}},{"start":{"line":21,"column":53},"end":{"line":21,"column":61}},{"start":{"line":21,"column":65},"end":{"line":21,"column":74}}],"line":21},"3":{"loc":{"start":{"line":29,"column":1},"end":{"line":31,"column":2}},"type":"if","locations":[{"start":{"line":29,"column":1},"end":{"line":31,"column":2}},{"start":{},"end":{}}],"line":29},"4":{"loc":{"start":{"line":34,"column":1},"end":{"line":43,"column":2}},"type":"if","locations":[{"start":{"line":34,"column":1},"end":{"line":43,"column":2}},{"start":{"line":41,"column":8},"end":{"line":43,"column":2}}],"line":34},"5":{"loc":{"start":{"line":69,"column":1},"end":{"line":71,"column":2}},"type":"if","locations":[{"start":{"line":69,"column":1},"end":{"line":71,"column":2}},{"start":{},"end":{}}],"line":69},"6":{"loc":{"start":{"line":72,"column":1},"end":{"line":74,"column":2}},"type":"if","locations":[{"start":{"line":72,"column":1},"end":{"line":74,"column":2}},{"start":{},"end":{}}],"line":72},"7":{"loc":{"start":{"line":85,"column":1},"end":{"line":87,"column":2}},"type":"if","locations":[{"start":{"line":85,"column":1},"end":{"line":87,"column":2}},{"start":{},"end":{}}],"line":85},"8":{"loc":{"start":{"line":98,"column":1},"end":{"line":100,"column":2}},"type":"if","locations":[{"start":{"line":98,"column":1},"end":{"line":100,"column":2}},{"start":{},"end":{}}],"line":98},"9":{"loc":{"start":{"line":123,"column":1},"end":{"line":125,"column":2}},"type":"if","locations":[{"start":{"line":123,"column":1},"end":{"line":125,"column":2}},{"start":{},"end":{}}],"line":123},"10":{"loc":{"start":{"line":126,"column":1},"end":{"line":137,"column":2}},"type":"if","locations":[{"start":{"line":126,"column":1},"end":{"line":137,"column":2}},{"start":{},"end":{}}],"line":126},"11":{"loc":{"start":{"line":127,"column":2},"end":{"line":129,"column":50}},"type":"binary-expr","locations":[{"start":{"line":127,"column":2},"end":{"line":127,"column":66}},{"start":{"line":128,"column":2},"end":{"line":128,"column":62}},{"start":{"line":129,"column":2},"end":{"line":129,"column":50}}],"line":127},"12":{"loc":{"start":{"line":164,"column":1},"end":{"line":166,"column":2}},"type":"if","locations":[{"start":{"line":164,"column":1},"end":{"line":166,"column":2}},{"start":{},"end":{}}],"line":164}},"s":{"0":2,"1":2,"2":2,"3":2,"4":2,"5":2,"6":3,"7":3,"8":3,"9":1,"10":2,"11":2,"12":1,"13":1,"14":1,"15":1,"16":1,"17":3,"18":3,"19":0,"20":1,"21":1,"22":0,"23":1,"24":2,"25":2,"26":2,"27":2,"28":2,"29":2,"30":2,"31":2,"32":2,"33":2,"34":2,"35":2,"36":1,"37":1,"38":2,"39":2,"40":2,"41":1,"42":1,"43":2,"44":2,"45":2,"46":2,"47":2,"48":2,"49":2,"50":2,"51":1,"52":1,"53":0,"54":0,"55":0,"56":1,"57":1,"58":0,"59":1,"60":2,"61":2,"62":2,"63":1,"64":1},"f":{"0":3,"1":2,"2":2,"3":2,"4":2},"b":{"0":[1],"1":[1,2],"2":[3,3,3,3,3],"3":[1,1],"4":[1,0],"5":[2,0],"6":[2,0],"7":[1,1],"8":[1,1],"9":[1,1],"10":[0,1],"11":[1,1,1],"12":[1,1]},"_coverageSchema":"1a1c01bbd47fc00a2c39e90264f33305004495a9","hash":"ba89ad5bd7942d1efc451dbee77d1b993ae4eec3"}
,"G:\\ERP\\feeOn-backend\\controller\\feeType.js": {"path":"G:\\ERP\\feeOn-backend\\controller\\feeType.js","statementMap":{"0":{"start":{"line":1,"column":17},"end":{"line":1,"column":36}},"1":{"start":{"line":2,"column":16},"end":{"line":2,"column":44}},"2":{"start":{"line":3,"column":22},"end":{"line":3,"column":55}},"3":{"start":{"line":4,"column":19},"end":{"line":4,"column":49}},"4":{"start":{"line":5,"column":24},"end":{"line":5,"column":59}},"5":{"start":{"line":8,"column":0},"end":{"line":32,"column":2}},"6":{"start":{"line":9,"column":57},"end":{"line":9,"column":65}},"7":{"start":{"line":10,"column":1},"end":{"line":12,"column":2}},"8":{"start":{"line":11,"column":2},"end":{"line":11,"column":66}},"9":{"start":{"line":14,"column":17},"end":{"line":14,"column":61}},"10":{"start":{"line":15,"column":1},"end":{"line":17,"column":2}},"11":{"start":{"line":16,"column":2},"end":{"line":16,"column":64}},"12":{"start":{"line":19,"column":1},"end":{"line":28,"column":2}},"13":{"start":{"line":20,"column":2},"end":{"line":25,"column":5}},"14":{"start":{"line":27,"column":2},"end":{"line":27,"column":62}},"15":{"start":{"line":29,"column":1},"end":{"line":31,"column":64}},"16":{"start":{"line":35,"column":0},"end":{"line":62,"column":3}},"17":{"start":{"line":36,"column":46},"end":{"line":36,"column":55}},"18":{"start":{"line":37,"column":1},"end":{"line":37,"column":26}},"19":{"start":{"line":38,"column":1},"end":{"line":38,"column":29}},"20":{"start":{"line":39,"column":17},"end":{"line":39,"column":19}},"21":{"start":{"line":40,"column":1},"end":{"line":42,"column":2}},"22":{"start":{"line":41,"column":2},"end":{"line":41,"column":55}},"23":{"start":{"line":43,"column":1},"end":{"line":45,"column":2}},"24":{"start":{"line":44,"column":2},"end":{"line":44,"column":36}},"25":{"start":{"line":46,"column":18},"end":{"line":53,"column":3}},"26":{"start":{"line":54,"column":25},"end":{"line":54,"column":36}},"27":{"start":{"line":56,"column":1},"end":{"line":58,"column":2}},"28":{"start":{"line":57,"column":2},"end":{"line":57,"column":59}},"29":{"start":{"line":59,"column":1},"end":{"line":61,"column":71}},"30":{"start":{"line":65,"column":0},"end":{"line":72,"column":3}},"31":{"start":{"line":66,"column":16},"end":{"line":66,"column":26}},"32":{"start":{"line":67,"column":17},"end":{"line":67,"column":43}},"33":{"start":{"line":68,"column":1},"end":{"line":70,"column":2}},"34":{"start":{"line":69,"column":2},"end":{"line":69,"column":60}},"35":{"start":{"line":71,"column":1},"end":{"line":71,"column":75}},"36":{"start":{"line":75,"column":0},"end":{"line":88,"column":3}},"37":{"start":{"line":76,"column":16},"end":{"line":76,"column":26}},"38":{"start":{"line":77,"column":57},"end":{"line":77,"column":65}},"39":{"start":{"line":78,"column":17},"end":{"line":83,"column":3}},"40":{"start":{"line":84,"column":1},"end":{"line":86,"column":2}},"41":{"start":{"line":85,"column":2},"end":{"line":85,"column":60}},"42":{"start":{"line":87,"column":1},"end":{"line":87,"column":75}},"43":{"start":{"line":91,"column":0},"end":{"line":98,"column":3}},"44":{"start":{"line":92,"column":16},"end":{"line":92,"column":26}},"45":{"start":{"line":93,"column":17},"end":{"line":93,"column":52}},"46":{"start":{"line":94,"column":1},"end":{"line":96,"column":2}},"47":{"start":{"line":95,"column":2},"end":{"line":95,"column":60}},"48":{"start":{"line":97,"column":1},"end":{"line":97,"column":72}}},"fnMap":{"0":{"name":"(anonymous_0)","decl":{"start":{"line":8,"column":17},"end":{"line":8,"column":18}},"loc":{"start":{"line":8,"column":43},"end":{"line":32,"column":1}},"line":8},"1":{"name":"(anonymous_1)","decl":{"start":{"line":35,"column":30},"end":{"line":35,"column":31}},"loc":{"start":{"line":35,"column":56},"end":{"line":62,"column":1}},"line":35},"2":{"name":"(anonymous_2)","decl":{"start":{"line":65,"column":26},"end":{"line":65,"column":27}},"loc":{"start":{"line":65,"column":52},"end":{"line":72,"column":1}},"line":65},"3":{"name":"(anonymous_3)","decl":{"start":{"line":75,"column":28},"end":{"line":75,"column":29}},"loc":{"start":{"line":75,"column":54},"end":{"line":88,"column":1}},"line":75},"4":{"name":"(anonymous_4)","decl":{"start":{"line":91,"column":31},"end":{"line":91,"column":32}},"loc":{"start":{"line":91,"column":57},"end":{"line":98,"column":1}},"line":91}},"branchMap":{"0":{"loc":{"start":{"line":10,"column":1},"end":{"line":12,"column":2}},"type":"if","locations":[{"start":{"line":10,"column":1},"end":{"line":12,"column":2}},{"start":{},"end":{}}],"line":10},"1":{"loc":{"start":{"line":10,"column":5},"end":{"line":10,"column":58}},"type":"binary-expr","locations":[{"start":{"line":10,"column":5},"end":{"line":10,"column":13}},{"start":{"line":10,"column":17},"end":{"line":10,"column":29}},{"start":{"line":10,"column":33},"end":{"line":10,"column":42}},{"start":{"line":10,"column":46},"end":{"line":10,"column":58}}],"line":10},"2":{"loc":{"start":{"line":15,"column":1},"end":{"line":17,"column":2}},"type":"if","locations":[{"start":{"line":15,"column":1},"end":{"line":17,"column":2}},{"start":{},"end":{}}],"line":15},"3":{"loc":{"start":{"line":40,"column":1},"end":{"line":42,"column":2}},"type":"if","locations":[{"start":{"line":40,"column":1},"end":{"line":42,"column":2}},{"start":{},"end":{}}],"line":40},"4":{"loc":{"start":{"line":43,"column":1},"end":{"line":45,"column":2}},"type":"if","locations":[{"start":{"line":43,"column":1},"end":{"line":45,"column":2}},{"start":{},"end":{}}],"line":43},"5":{"loc":{"start":{"line":56,"column":1},"end":{"line":58,"column":2}},"type":"if","locations":[{"start":{"line":56,"column":1},"end":{"line":58,"column":2}},{"start":{},"end":{}}],"line":56},"6":{"loc":{"start":{"line":68,"column":1},"end":{"line":70,"column":2}},"type":"if","locations":[{"start":{"line":68,"column":1},"end":{"line":70,"column":2}},{"start":{},"end":{}}],"line":68},"7":{"loc":{"start":{"line":84,"column":1},"end":{"line":86,"column":2}},"type":"if","locations":[{"start":{"line":84,"column":1},"end":{"line":86,"column":2}},{"start":{},"end":{}}],"line":84},"8":{"loc":{"start":{"line":94,"column":1},"end":{"line":96,"column":2}},"type":"if","locations":[{"start":{"line":94,"column":1},"end":{"line":96,"column":2}},{"start":{},"end":{}}],"line":94}},"s":{"0":2,"1":2,"2":2,"3":2,"4":2,"5":2,"6":3,"7":3,"8":1,"9":2,"10":2,"11":1,"12":1,"13":1,"14":0,"15":1,"16":2,"17":2,"18":2,"19":2,"20":2,"21":2,"22":2,"23":2,"24":2,"25":2,"26":2,"27":2,"28":1,"29":1,"30":2,"31":2,"32":2,"33":2,"34":1,"35":1,"36":2,"37":1,"38":1,"39":1,"40":1,"41":1,"42":0,"43":2,"44":2,"45":2,"46":2,"47":1,"48":1},"f":{"0":3,"1":2,"2":2,"3":1,"4":2},"b":{"0":[1,2],"1":[3,2,2,2],"2":[1,1],"3":[2,0],"4":[2,0],"5":[1,1],"6":[1,1],"7":[1,0],"8":[1,1]},"_coverageSchema":"1a1c01bbd47fc00a2c39e90264f33305004495a9","hash":"c8937dd3ff9ab2596f5ece326022837278a63c93"}
,"G:\\ERP\\feeOn-backend\\middleware\\authorize.js": {"path":"G:\\ERP\\feeOn-backend\\middleware\\authorize.js","statementMap":{"0":{"start":{"line":1,"column":12},"end":{"line":1,"column":35}},"1":{"start":{"line":2,"column":14},"end":{"line":2,"column":30}},"2":{"start":{"line":3,"column":22},"end":{"line":3,"column":55}},"3":{"start":{"line":5,"column":14},"end":{"line":5,"column":23}},"4":{"start":{"line":7,"column":25},"end":{"line":59,"column":1}},"5":{"start":{"line":8,"column":1},"end":{"line":58,"column":2}},"6":{"start":{"line":10,"column":21},"end":{"line":10,"column":46}},"7":{"start":{"line":13,"column":2},"end":{"line":15,"column":3}},"8":{"start":{"line":14,"column":3},"end":{"line":14,"column":62}},"9":{"start":{"line":17,"column":16},"end":{"line":17,"column":39}},"10":{"start":{"line":20,"column":23},"end":{"line":20,"column":70}},"11":{"start":{"line":22,"column":2},"end":{"line":24,"column":3}},"12":{"start":{"line":23,"column":3},"end":{"line":23,"column":56}},"13":{"start":{"line":27,"column":17},"end":{"line":27,"column":29}},"14":{"start":{"line":30,"column":21},"end":{"line":30,"column":34}},"15":{"start":{"line":32,"column":2},"end":{"line":35,"column":3}},"16":{"start":{"line":33,"column":3},"end":{"line":33,"column":25}},"17":{"start":{"line":34,"column":3},"end":{"line":34,"column":17}},"18":{"start":{"line":38,"column":19},"end":{"line":40,"column":3}},"19":{"start":{"line":41,"column":15},"end":{"line":41,"column":28}},"20":{"start":{"line":42,"column":2},"end":{"line":44,"column":3}},"21":{"start":{"line":43,"column":3},"end":{"line":43,"column":62}},"22":{"start":{"line":47,"column":2},"end":{"line":47,"column":18}},"23":{"start":{"line":50,"column":2},"end":{"line":50,"column":22}},"24":{"start":{"line":52,"column":2},"end":{"line":52,"column":9}},"25":{"start":{"line":54,"column":2},"end":{"line":57,"column":4}},"26":{"start":{"line":60,"column":0},"end":{"line":60,"column":45}}},"fnMap":{"0":{"name":"(anonymous_0)","decl":{"start":{"line":7,"column":25},"end":{"line":7,"column":26}},"loc":{"start":{"line":7,"column":51},"end":{"line":59,"column":1}},"line":7}},"branchMap":{"0":{"loc":{"start":{"line":13,"column":2},"end":{"line":15,"column":3}},"type":"if","locations":[{"start":{"line":13,"column":2},"end":{"line":15,"column":3}},{"start":{},"end":{}}],"line":13},"1":{"loc":{"start":{"line":13,"column":6},"end":{"line":13,"column":54}},"type":"binary-expr","locations":[{"start":{"line":13,"column":6},"end":{"line":13,"column":17}},{"start":{"line":13,"column":21},"end":{"line":13,"column":54}}],"line":13},"2":{"loc":{"start":{"line":22,"column":2},"end":{"line":24,"column":3}},"type":"if","locations":[{"start":{"line":22,"column":2},"end":{"line":24,"column":3}},{"start":{},"end":{}}],"line":22},"3":{"loc":{"start":{"line":32,"column":2},"end":{"line":35,"column":3}},"type":"if","locations":[{"start":{"line":32,"column":2},"end":{"line":35,"column":3}},{"start":{},"end":{}}],"line":32},"4":{"loc":{"start":{"line":42,"column":2},"end":{"line":44,"column":3}},"type":"if","locations":[{"start":{"line":42,"column":2},"end":{"line":44,"column":3}},{"start":{},"end":{}}],"line":42}},"s":{"0":2,"1":2,"2":2,"3":2,"4":2,"5":6,"6":6,"7":6,"8":2,"9":4,"10":4,"11":4,"12":1,"13":3,"14":3,"15":3,"16":1,"17":1,"18":2,"19":2,"20":2,"21":1,"22":1,"23":1,"24":1,"25":0,"26":2},"f":{"0":6},"b":{"0":[2,4],"1":[6,5],"2":[1,3],"3":[1,2],"4":[1,1]},"_coverageSchema":"1a1c01bbd47fc00a2c39e90264f33305004495a9","hash":"2ab6dfad61b00124a7ed1a2b14d49bbc5d0240ad"}
,"G:\\ERP\\feeOn-backend\\models\\feeSchedule.js": {"path":"G:\\ERP\\feeOn-backend\\models\\feeSchedule.js","statementMap":{"0":{"start":{"line":1,"column":17},"end":{"line":1,"column":36}},"1":{"start":{"line":3,"column":26},"end":{"line":3,"column":34}},"2":{"start":{"line":5,"column":26},"end":{"line":47,"column":1}},"3":{"start":{"line":49,"column":0},"end":{"line":49,"column":57}}},"fnMap":{},"branchMap":{},"s":{"0":2,"1":2,"2":2,"3":2},"f":{},"b":{},"_coverageSchema":"1a1c01bbd47fc00a2c39e90264f33305004495a9","hash":"1641856d8e06bb95381c71de4dc06353e2237ad1"}
,"G:\\ERP\\feeOn-backend\\models\\feeType.js": {"path":"G:\\ERP\\feeOn-backend\\models\\feeType.js","statementMap":{"0":{"start":{"line":1,"column":17},"end":{"line":1,"column":36}},"1":{"start":{"line":3,"column":22},"end":{"line":39,"column":1}},"2":{"start":{"line":41,"column":16},"end":{"line":41,"column":56}},"3":{"start":{"line":43,"column":0},"end":{"line":43,"column":25}}},"fnMap":{},"branchMap":{},"s":{"0":2,"1":2,"2":2,"3":2},"f":{},"b":{},"_coverageSchema":"1a1c01bbd47fc00a2c39e90264f33305004495a9","hash":"7e5f50855648f9636d89dd06f41d358e5a413c1e"}
,"G:\\ERP\\feeOn-backend\\router\\feeSchedule.js": {"path":"G:\\ERP\\feeOn-backend\\router\\feeSchedule.js","statementMap":{"0":{"start":{"line":1,"column":15},"end":{"line":1,"column":42}},"1":{"start":{"line":8,"column":4},"end":{"line":8,"column":40}},"2":{"start":{"line":10,"column":0},"end":{"line":10,"column":43}},"3":{"start":{"line":12,"column":0},"end":{"line":12,"column":79}},"4":{"start":{"line":14,"column":0},"end":{"line":14,"column":24}}},"fnMap":{},"branchMap":{},"s":{"0":1,"1":1,"2":1,"3":1,"4":1},"f":{},"b":{},"_coverageSchema":"1a1c01bbd47fc00a2c39e90264f33305004495a9","hash":"dd25c2db1763dcf6494a03603bcfe213e5afe0ae"}
,"G:\\ERP\\feeOn-backend\\router\\feeType.js": {"path":"G:\\ERP\\feeOn-backend\\router\\feeType.js","statementMap":{"0":{"start":{"line":1,"column":16},"end":{"line":1,"column":34}},"1":{"start":{"line":3,"column":15},"end":{"line":3,"column":31}},"2":{"start":{"line":10,"column":4},"end":{"line":10,"column":36}},"3":{"start":{"line":13,"column":0},"end":{"line":13,"column":26}},"4":{"start":{"line":16,"column":0},"end":{"line":16,"column":25}},"5":{"start":{"line":19,"column":0},"end":{"line":19,"column":25}},"6":{"start":{"line":22,"column":0},"end":{"line":22,"column":27}},"7":{"start":{"line":25,"column":0},"end":{"line":25,"column":33}},"8":{"start":{"line":27,"column":0},"end":{"line":27,"column":24}}},"fnMap":{},"branchMap":{},"s":{"0":1,"1":1,"2":1,"3":1,"4":1,"5":1,"6":1,"7":1,"8":1},"f":{},"b":{},"_coverageSchema":"1a1c01bbd47fc00a2c39e90264f33305004495a9","hash":"7075e090089a77a23e8016305034a0526fd0aab2"}
,"G:\\ERP\\feeOn-backend\\utils\\catchAsync.js": {"path":"G:\\ERP\\feeOn-backend\\utils\\catchAsync.js","statementMap":{"0":{"start":{"line":1,"column":19},"end":{"line":3,"column":1}},"1":{"start":{"line":1,"column":25},"end":{"line":3,"column":1}},"2":{"start":{"line":2,"column":1},"end":{"line":2,"column":32}},"3":{"start":{"line":5,"column":0},"end":{"line":5,"column":28}}},"fnMap":{"0":{"name":"(anonymous_0)","decl":{"start":{"line":1,"column":19},"end":{"line":1,"column":20}},"loc":{"start":{"line":1,"column":25},"end":{"line":3,"column":1}},"line":1},"1":{"name":"(anonymous_1)","decl":{"start":{"line":1,"column":25},"end":{"line":1,"column":26}},"loc":{"start":{"line":1,"column":45},"end":{"line":3,"column":1}},"line":1}},"branchMap":{},"s":{"0":4,"1":16,"2":15,"3":4},"f":{"0":16,"1":15},"b":{},"_coverageSchema":"1a1c01bbd47fc00a2c39e90264f33305004495a9","hash":"d2ed17a3f8bac1f75dbc4b1626a82a6c3eb83ba7"}
,"G:\\ERP\\feeOn-backend\\utils\\dbConnection.js": {"path":"G:\\ERP\\feeOn-backend\\utils\\dbConnection.js","statementMap":{"0":{"start":{"line":1,"column":17},"end":{"line":1,"column":36}},"1":{"start":{"line":3,"column":24},"end":{"line":16,"column":1}},"2":{"start":{"line":4,"column":1},"end":{"line":15,"column":5}},"3":{"start":{"line":10,"column":3},"end":{"line":10,"column":45}},"4":{"start":{"line":13,"column":3},"end":{"line":13,"column":28}},"5":{"start":{"line":14,"column":3},"end":{"line":14,"column":19}},"6":{"start":{"line":18,"column":0},"end":{"line":18,"column":33}}},"fnMap":{"0":{"name":"(anonymous_0)","decl":{"start":{"line":3,"column":24},"end":{"line":3,"column":25}},"loc":{"start":{"line":3,"column":30},"end":{"line":16,"column":1}},"line":3},"1":{"name":"(anonymous_1)","decl":{"start":{"line":9,"column":8},"end":{"line":9,"column":9}},"loc":{"start":{"line":9,"column":15},"end":{"line":11,"column":3}},"line":9},"2":{"name":"(anonymous_2)","decl":{"start":{"line":12,"column":9},"end":{"line":12,"column":10}},"loc":{"start":{"line":12,"column":16},"end":{"line":15,"column":3}},"line":12}},"branchMap":{},"s":{"0":1,"1":1,"2":1,"3":0,"4":0,"5":0,"6":1},"f":{"0":1,"1":0,"2":0},"b":{},"_coverageSchema":"1a1c01bbd47fc00a2c39e90264f33305004495a9","hash":"50cbdae59f204cb592f48664e296c05cfccab574"}
,"G:\\ERP\\feeOn-backend\\utils\\errorResponse.js": {"path":"G:\\ERP\\feeOn-backend\\utils\\errorResponse.js","statementMap":{"0":{"start":{"line":3,"column":2},"end":{"line":3,"column":17}},"1":{"start":{"line":5,"column":2},"end":{"line":5,"column":31}},"2":{"start":{"line":6,"column":2},"end":{"line":6,"column":67}},"3":{"start":{"line":7,"column":2},"end":{"line":7,"column":28}},"4":{"start":{"line":9,"column":2},"end":{"line":9,"column":50}},"5":{"start":{"line":13,"column":0},"end":{"line":13,"column":31}}},"fnMap":{"0":{"name":"(anonymous_0)","decl":{"start":{"line":2,"column":1},"end":{"line":2,"column":2}},"loc":{"start":{"line":2,"column":34},"end":{"line":10,"column":2}},"line":2}},"branchMap":{"0":{"loc":{"start":{"line":6,"column":16},"end":{"line":6,"column":66}},"type":"cond-expr","locations":[{"start":{"line":6,"column":50},"end":{"line":6,"column":56}},{"start":{"line":6,"column":59},"end":{"line":6,"column":66}}],"line":6}},"s":{"0":1,"1":1,"2":1,"3":1,"4":1,"5":5},"f":{"0":1},"b":{"0":[1,0]},"_coverageSchema":"1a1c01bbd47fc00a2c39e90264f33305004495a9","hash":"1e0a15bddf42987e3cd552060561ae518b64f28c"}
,"G:\\ERP\\feeOn-backend\\utils\\successResponse.js": {"path":"G:\\ERP\\feeOn-backend\\utils\\successResponse.js","statementMap":{"0":{"start":{"line":1,"column":24},"end":{"line":6,"column":2}},"1":{"start":{"line":1,"column":76},"end":{"line":6,"column":1}},"2":{"start":{"line":8,"column":0},"end":{"line":8,"column":33}}},"fnMap":{"0":{"name":"(anonymous_0)","decl":{"start":{"line":1,"column":24},"end":{"line":1,"column":25}},"loc":{"start":{"line":1,"column":76},"end":{"line":6,"column":1}},"line":1}},"branchMap":{"0":{"loc":{"start":{"line":1,"column":25},"end":{"line":1,"column":36}},"type":"default-arg","locations":[{"start":{"line":1,"column":32},"end":{"line":1,"column":36}}],"line":1},"1":{"loc":{"start":{"line":1,"column":51},"end":{"line":1,"column":70}},"type":"default-arg","locations":[{"start":{"line":1,"column":61},"end":{"line":1,"column":70}}],"line":1}},"s":{"0":4,"1":1,"2":4},"f":{"0":1},"b":{"0":[0],"1":[0]},"_coverageSchema":"1a1c01bbd47fc00a2c39e90264f33305004495a9","hash":"15f3bbb9eaa5487a7db9480e70f72512d495de16"}
}
