{"G:\\ERP\\feeOn-backend\\index.js": {"path":"G:\\ERP\\feeOn-backend\\index.js","statementMap":{"0":{"start":{"line":1,"column":17},"end":{"line":1,"column":30}},"1":{"start":{"line":2,"column":16},"end":{"line":2,"column":34}},"2":{"start":{"line":3,"column":17},"end":{"line":3,"column":36}},"3":{"start":{"line":4,"column":0},"end":{"line":4,"column":55}},"4":{"start":{"line":5,"column":13},"end":{"line":5,"column":28}},"5":{"start":{"line":6,"column":18},"end":{"line":6,"column":47}},"6":{"start":{"line":7,"column":19},"end":{"line":7,"column":41}},"7":{"start":{"line":8,"column":24},"end":{"line":8,"column":49}},"8":{"start":{"line":9,"column":29},"end":{"line":9,"column":62}},"9":{"start":{"line":11,"column":12},"end":{"line":11,"column":21}},"10":{"start":{"line":13,"column":0},"end":{"line":13,"column":27}},"11":{"start":{"line":14,"column":0},"end":{"line":14,"column":51}},"12":{"start":{"line":15,"column":0},"end":{"line":15,"column":16}},"13":{"start":{"line":17,"column":16},"end":{"line":22,"column":1}},"14":{"start":{"line":24,"column":0},"end":{"line":28,"column":2}},"15":{"start":{"line":30,"column":0},"end":{"line":41,"column":4}},"16":{"start":{"line":36,"column":2},"end":{"line":36,"column":36}},"17":{"start":{"line":39,"column":2},"end":{"line":39,"column":19}},"18":{"start":{"line":40,"column":2},"end":{"line":40,"column":18}},"19":{"start":{"line":43,"column":0},"end":{"line":45,"column":3}},"20":{"start":{"line":44,"column":1},"end":{"line":44,"column":48}},"21":{"start":{"line":47,"column":0},"end":{"line":47,"column":26}},"22":{"start":{"line":49,"column":0},"end":{"line":49,"column":56}},"23":{"start":{"line":50,"column":0},"end":{"line":50,"column":64}},"24":{"start":{"line":52,"column":13},"end":{"line":52,"column":37}},"25":{"start":{"line":53,"column":0},"end":{"line":55,"column":3}},"26":{"start":{"line":54,"column":1},"end":{"line":54,"column":65}},"27":{"start":{"line":57,"column":0},"end":{"line":57,"column":21}}},"fnMap":{"0":{"name":"(anonymous_0)","decl":{"start":{"line":35,"column":7},"end":{"line":35,"column":8}},"loc":{"start":{"line":35,"column":13},"end":{"line":37,"column":2}},"line":35},"1":{"name":"(anonymous_1)","decl":{"start":{"line":38,"column":8},"end":{"line":38,"column":9}},"loc":{"start":{"line":38,"column":15},"end":{"line":41,"column":2}},"line":38},"2":{"name":"(anonymous_2)","decl":{"start":{"line":43,"column":13},"end":{"line":43,"column":14}},"loc":{"start":{"line":43,"column":27},"end":{"line":45,"column":1}},"line":43},"3":{"name":"(anonymous_3)","decl":{"start":{"line":53,"column":17},"end":{"line":53,"column":18}},"loc":{"start":{"line":53,"column":23},"end":{"line":55,"column":1}},"line":53}},"branchMap":{"0":{"loc":{"start":{"line":52,"column":13},"end":{"line":52,"column":37}},"type":"binary-expr","locations":[{"start":{"line":52,"column":13},"end":{"line":52,"column":29}},{"start":{"line":52,"column":33},"end":{"line":52,"column":37}}],"line":52}},"s":{"0":1,"1":1,"2":1,"3":1,"4":1,"5":1,"6":1,"7":1,"8":1,"9":1,"10":1,"11":1,"12":1,"13":1,"14":1,"15":1,"16":0,"17":0,"18":0,"19":1,"20":1,"21":1,"22":1,"23":1,"24":1,"25":1,"26":1,"27":1},"f":{"0":0,"1":0,"2":1,"3":1},"b":{"0":[1,0]},"_coverageSchema":"1a1c01bbd47fc00a2c39e90264f33305004495a9","hash":"d811d27c0a3c42418c0eb0754fc9743bdd2dba14"}
,"G:\\ERP\\feeOn-backend\\controller\\feeSchedule.js": {"path":"G:\\ERP\\feeOn-backend\\controller\\feeSchedule.js","statementMap":{"0":{"start":{"line":1,"column":17},"end":{"line":1,"column":36}},"1":{"start":{"line":2,"column":20},"end":{"line":2,"column":52}},"2":{"start":{"line":3,"column":19},"end":{"line":3,"column":49}},"3":{"start":{"line":4,"column":22},"end":{"line":4,"column":55}},"4":{"start":{"line":5,"column":24},"end":{"line":5,"column":59}},"5":{"start":{"line":10,"column":0},"end":{"line":61,"column":3}},"6":{"start":{"line":19,"column":5},"end":{"line":19,"column":13}},"7":{"start":{"line":20,"column":1},"end":{"line":26,"column":2}},"8":{"start":{"line":21,"column":2},"end":{"line":25,"column":5}},"9":{"start":{"line":27,"column":18},"end":{"line":31,"column":3}},"10":{"start":{"line":32,"column":1},"end":{"line":36,"column":2}},"11":{"start":{"line":33,"column":2},"end":{"line":35,"column":73}},"12":{"start":{"line":37,"column":19},"end":{"line":37,"column":38}},"13":{"start":{"line":38,"column":24},"end":{"line":38,"column":26}},"14":{"start":{"line":39,"column":1},"end":{"line":48,"column":2}},"15":{"start":{"line":40,"column":2},"end":{"line":45,"column":3}},"16":{"start":{"line":41,"column":3},"end":{"line":41,"column":46}},"17":{"start":{"line":42,"column":3},"end":{"line":44,"column":5}},"18":{"start":{"line":47,"column":2},"end":{"line":47,"column":35}},"19":{"start":{"line":50,"column":21},"end":{"line":59,"column":3}},"20":{"start":{"line":60,"column":1},"end":{"line":60,"column":79}},"21":{"start":{"line":66,"column":0},"end":{"line":95,"column":3}},"22":{"start":{"line":67,"column":47},"end":{"line":67,"column":56}},"23":{"start":{"line":68,"column":1},"end":{"line":68,"column":26}},"24":{"start":{"line":69,"column":1},"end":{"line":69,"column":29}},"25":{"start":{"line":70,"column":17},"end":{"line":70,"column":19}},"26":{"start":{"line":71,"column":1},"end":{"line":73,"column":2}},"27":{"start":{"line":72,"column":2},"end":{"line":72,"column":55}},"28":{"start":{"line":74,"column":1},"end":{"line":76,"column":2}},"29":{"start":{"line":75,"column":2},"end":{"line":75,"column":38}},"30":{"start":{"line":77,"column":22},"end":{"line":84,"column":3}},"31":{"start":{"line":85,"column":25},"end":{"line":85,"column":40}},"32":{"start":{"line":87,"column":1},"end":{"line":91,"column":2}},"33":{"start":{"line":88,"column":2},"end":{"line":90,"column":69}},"34":{"start":{"line":92,"column":1},"end":{"line":94,"column":71}},"35":{"start":{"line":100,"column":0},"end":{"line":108,"column":3}},"36":{"start":{"line":101,"column":21},"end":{"line":101,"column":62}},"37":{"start":{"line":102,"column":1},"end":{"line":106,"column":2}},"38":{"start":{"line":103,"column":2},"end":{"line":105,"column":68}},"39":{"start":{"line":107,"column":1},"end":{"line":107,"column":79}},"40":{"start":{"line":113,"column":0},"end":{"line":124,"column":3}},"41":{"start":{"line":114,"column":21},"end":{"line":117,"column":2}},"42":{"start":{"line":118,"column":1},"end":{"line":122,"column":2}},"43":{"start":{"line":119,"column":2},"end":{"line":121,"column":68}},"44":{"start":{"line":123,"column":1},"end":{"line":123,"column":79}},"45":{"start":{"line":129,"column":0},"end":{"line":137,"column":3}},"46":{"start":{"line":130,"column":21},"end":{"line":130,"column":71}},"47":{"start":{"line":131,"column":1},"end":{"line":135,"column":2}},"48":{"start":{"line":132,"column":2},"end":{"line":134,"column":68}},"49":{"start":{"line":136,"column":1},"end":{"line":136,"column":72}}},"fnMap":{"0":{"name":"(anonymous_0)","decl":{"start":{"line":10,"column":28},"end":{"line":10,"column":29}},"loc":{"start":{"line":10,"column":54},"end":{"line":61,"column":1}},"line":10},"1":{"name":"(anonymous_1)","decl":{"start":{"line":66,"column":28},"end":{"line":66,"column":29}},"loc":{"start":{"line":66,"column":54},"end":{"line":95,"column":1}},"line":66},"2":{"name":"(anonymous_2)","decl":{"start":{"line":100,"column":36},"end":{"line":100,"column":37}},"loc":{"start":{"line":100,"column":62},"end":{"line":108,"column":1}},"line":100},"3":{"name":"(anonymous_3)","decl":{"start":{"line":113,"column":28},"end":{"line":113,"column":29}},"loc":{"start":{"line":113,"column":54},"end":{"line":124,"column":1}},"line":113},"4":{"name":"(anonymous_4)","decl":{"start":{"line":129,"column":39},"end":{"line":129,"column":40}},"loc":{"start":{"line":129,"column":65},"end":{"line":137,"column":1}},"line":129}},"branchMap":{"0":{"loc":{"start":{"line":18,"column":2},"end":{"line":18,"column":14}},"type":"default-arg","locations":[{"start":{"line":18,"column":13},"end":{"line":18,"column":14}}],"line":18},"1":{"loc":{"start":{"line":20,"column":1},"end":{"line":26,"column":2}},"type":"if","locations":[{"start":{"line":20,"column":1},"end":{"line":26,"column":2}},{"start":{},"end":{}}],"line":20},"2":{"loc":{"start":{"line":20,"column":5},"end":{"line":20,"column":74}},"type":"binary-expr","locations":[{"start":{"line":20,"column":5},"end":{"line":20,"column":18}},{"start":{"line":20,"column":22},"end":{"line":20,"column":35}},{"start":{"line":20,"column":39},"end":{"line":20,"column":49}},{"start":{"line":20,"column":53},"end":{"line":20,"column":61}},{"start":{"line":20,"column":65},"end":{"line":20,"column":74}}],"line":20},"3":{"loc":{"start":{"line":32,"column":1},"end":{"line":36,"column":2}},"type":"if","locations":[{"start":{"line":32,"column":1},"end":{"line":36,"column":2}},{"start":{},"end":{}}],"line":32},"4":{"loc":{"start":{"line":39,"column":1},"end":{"line":48,"column":2}},"type":"if","locations":[{"start":{"line":39,"column":1},"end":{"line":48,"column":2}},{"start":{"line":46,"column":8},"end":{"line":48,"column":2}}],"line":39},"5":{"loc":{"start":{"line":71,"column":1},"end":{"line":73,"column":2}},"type":"if","locations":[{"start":{"line":71,"column":1},"end":{"line":73,"column":2}},{"start":{},"end":{}}],"line":71},"6":{"loc":{"start":{"line":74,"column":1},"end":{"line":76,"column":2}},"type":"if","locations":[{"start":{"line":74,"column":1},"end":{"line":76,"column":2}},{"start":{},"end":{}}],"line":74},"7":{"loc":{"start":{"line":87,"column":1},"end":{"line":91,"column":2}},"type":"if","locations":[{"start":{"line":87,"column":1},"end":{"line":91,"column":2}},{"start":{},"end":{}}],"line":87},"8":{"loc":{"start":{"line":102,"column":1},"end":{"line":106,"column":2}},"type":"if","locations":[{"start":{"line":102,"column":1},"end":{"line":106,"column":2}},{"start":{},"end":{}}],"line":102},"9":{"loc":{"start":{"line":118,"column":1},"end":{"line":122,"column":2}},"type":"if","locations":[{"start":{"line":118,"column":1},"end":{"line":122,"column":2}},{"start":{},"end":{}}],"line":118},"10":{"loc":{"start":{"line":131,"column":1},"end":{"line":135,"column":2}},"type":"if","locations":[{"start":{"line":131,"column":1},"end":{"line":135,"column":2}},{"start":{},"end":{}}],"line":131}},"s":{"0":1,"1":1,"2":1,"3":1,"4":1,"5":1,"6":0,"7":0,"8":0,"9":0,"10":0,"11":0,"12":0,"13":0,"14":0,"15":0,"16":0,"17":0,"18":0,"19":0,"20":0,"21":1,"22":0,"23":0,"24":0,"25":0,"26":0,"27":0,"28":0,"29":0,"30":0,"31":0,"32":0,"33":0,"34":0,"35":1,"36":0,"37":0,"38":0,"39":0,"40":1,"41":0,"42":0,"43":0,"44":0,"45":1,"46":0,"47":0,"48":0,"49":0},"f":{"0":0,"1":0,"2":0,"3":0,"4":0},"b":{"0":[0],"1":[0,0],"2":[0,0,0,0,0],"3":[0,0],"4":[0,0],"5":[0,0],"6":[0,0],"7":[0,0],"8":[0,0],"9":[0,0],"10":[0,0]},"_coverageSchema":"1a1c01bbd47fc00a2c39e90264f33305004495a9","hash":"0754bcdec83fbb6bbca12dc8a4cad5609e882586"}
,"G:\\ERP\\feeOn-backend\\controller\\feeType.js": {"path":"G:\\ERP\\feeOn-backend\\controller\\feeType.js","statementMap":{"0":{"start":{"line":1,"column":17},"end":{"line":1,"column":36}},"1":{"start":{"line":2,"column":16},"end":{"line":2,"column":44}},"2":{"start":{"line":3,"column":22},"end":{"line":3,"column":55}},"3":{"start":{"line":4,"column":19},"end":{"line":4,"column":49}},"4":{"start":{"line":5,"column":24},"end":{"line":5,"column":59}},"5":{"start":{"line":8,"column":0},"end":{"line":37,"column":3}},"6":{"start":{"line":9,"column":46},"end":{"line":9,"column":55}},"7":{"start":{"line":10,"column":1},"end":{"line":10,"column":26}},"8":{"start":{"line":11,"column":1},"end":{"line":11,"column":29}},"9":{"start":{"line":12,"column":17},"end":{"line":12,"column":19}},"10":{"start":{"line":13,"column":1},"end":{"line":15,"column":2}},"11":{"start":{"line":14,"column":2},"end":{"line":14,"column":55}},"12":{"start":{"line":16,"column":1},"end":{"line":18,"column":2}},"13":{"start":{"line":17,"column":2},"end":{"line":17,"column":36}},"14":{"start":{"line":19,"column":18},"end":{"line":26,"column":3}},"15":{"start":{"line":27,"column":25},"end":{"line":27,"column":36}},"16":{"start":{"line":29,"column":1},"end":{"line":33,"column":2}},"17":{"start":{"line":30,"column":2},"end":{"line":32,"column":64}},"18":{"start":{"line":34,"column":1},"end":{"line":36,"column":71}},"19":{"start":{"line":40,"column":0},"end":{"line":70,"column":3}},"20":{"start":{"line":41,"column":57},"end":{"line":41,"column":65}},"21":{"start":{"line":42,"column":1},"end":{"line":46,"column":2}},"22":{"start":{"line":43,"column":2},"end":{"line":45,"column":69}},"23":{"start":{"line":48,"column":18},"end":{"line":48,"column":62}},"24":{"start":{"line":49,"column":1},"end":{"line":53,"column":2}},"25":{"start":{"line":50,"column":2},"end":{"line":52,"column":69}},"26":{"start":{"line":55,"column":20},"end":{"line":60,"column":3}},"27":{"start":{"line":61,"column":1},"end":{"line":65,"column":2}},"28":{"start":{"line":62,"column":2},"end":{"line":64,"column":68}},"29":{"start":{"line":66,"column":1},"end":{"line":66,"column":25}},"30":{"start":{"line":67,"column":1},"end":{"line":69,"column":64}},"31":{"start":{"line":73,"column":0},"end":{"line":82,"column":3}},"32":{"start":{"line":74,"column":16},"end":{"line":74,"column":26}},"33":{"start":{"line":75,"column":17},"end":{"line":75,"column":43}},"34":{"start":{"line":76,"column":1},"end":{"line":80,"column":2}},"35":{"start":{"line":77,"column":2},"end":{"line":79,"column":64}},"36":{"start":{"line":81,"column":1},"end":{"line":81,"column":75}},"37":{"start":{"line":85,"column":0},"end":{"line":100,"column":3}},"38":{"start":{"line":86,"column":16},"end":{"line":86,"column":26}},"39":{"start":{"line":87,"column":57},"end":{"line":87,"column":65}},"40":{"start":{"line":88,"column":17},"end":{"line":93,"column":3}},"41":{"start":{"line":94,"column":1},"end":{"line":98,"column":2}},"42":{"start":{"line":95,"column":2},"end":{"line":97,"column":64}},"43":{"start":{"line":99,"column":1},"end":{"line":99,"column":75}},"44":{"start":{"line":103,"column":0},"end":{"line":112,"column":3}},"45":{"start":{"line":104,"column":16},"end":{"line":104,"column":26}},"46":{"start":{"line":105,"column":17},"end":{"line":105,"column":52}},"47":{"start":{"line":106,"column":1},"end":{"line":110,"column":2}},"48":{"start":{"line":107,"column":2},"end":{"line":109,"column":64}},"49":{"start":{"line":111,"column":1},"end":{"line":111,"column":72}}},"fnMap":{"0":{"name":"(anonymous_0)","decl":{"start":{"line":8,"column":30},"end":{"line":8,"column":31}},"loc":{"start":{"line":8,"column":56},"end":{"line":37,"column":1}},"line":8},"1":{"name":"(anonymous_1)","decl":{"start":{"line":40,"column":28},"end":{"line":40,"column":29}},"loc":{"start":{"line":40,"column":54},"end":{"line":70,"column":1}},"line":40},"2":{"name":"(anonymous_2)","decl":{"start":{"line":73,"column":26},"end":{"line":73,"column":27}},"loc":{"start":{"line":73,"column":52},"end":{"line":82,"column":1}},"line":73},"3":{"name":"(anonymous_3)","decl":{"start":{"line":85,"column":28},"end":{"line":85,"column":29}},"loc":{"start":{"line":85,"column":54},"end":{"line":100,"column":1}},"line":85},"4":{"name":"(anonymous_4)","decl":{"start":{"line":103,"column":31},"end":{"line":103,"column":32}},"loc":{"start":{"line":103,"column":57},"end":{"line":112,"column":1}},"line":103}},"branchMap":{"0":{"loc":{"start":{"line":13,"column":1},"end":{"line":15,"column":2}},"type":"if","locations":[{"start":{"line":13,"column":1},"end":{"line":15,"column":2}},{"start":{},"end":{}}],"line":13},"1":{"loc":{"start":{"line":16,"column":1},"end":{"line":18,"column":2}},"type":"if","locations":[{"start":{"line":16,"column":1},"end":{"line":18,"column":2}},{"start":{},"end":{}}],"line":16},"2":{"loc":{"start":{"line":29,"column":1},"end":{"line":33,"column":2}},"type":"if","locations":[{"start":{"line":29,"column":1},"end":{"line":33,"column":2}},{"start":{},"end":{}}],"line":29},"3":{"loc":{"start":{"line":42,"column":1},"end":{"line":46,"column":2}},"type":"if","locations":[{"start":{"line":42,"column":1},"end":{"line":46,"column":2}},{"start":{},"end":{}}],"line":42},"4":{"loc":{"start":{"line":42,"column":5},"end":{"line":42,"column":58}},"type":"binary-expr","locations":[{"start":{"line":42,"column":5},"end":{"line":42,"column":13}},{"start":{"line":42,"column":17},"end":{"line":42,"column":29}},{"start":{"line":42,"column":33},"end":{"line":42,"column":45}},{"start":{"line":42,"column":49},"end":{"line":42,"column":58}}],"line":42},"5":{"loc":{"start":{"line":49,"column":1},"end":{"line":53,"column":2}},"type":"if","locations":[{"start":{"line":49,"column":1},"end":{"line":53,"column":2}},{"start":{},"end":{}}],"line":49},"6":{"loc":{"start":{"line":61,"column":1},"end":{"line":65,"column":2}},"type":"if","locations":[{"start":{"line":61,"column":1},"end":{"line":65,"column":2}},{"start":{},"end":{}}],"line":61},"7":{"loc":{"start":{"line":76,"column":1},"end":{"line":80,"column":2}},"type":"if","locations":[{"start":{"line":76,"column":1},"end":{"line":80,"column":2}},{"start":{},"end":{}}],"line":76},"8":{"loc":{"start":{"line":94,"column":1},"end":{"line":98,"column":2}},"type":"if","locations":[{"start":{"line":94,"column":1},"end":{"line":98,"column":2}},{"start":{},"end":{}}],"line":94},"9":{"loc":{"start":{"line":106,"column":1},"end":{"line":110,"column":2}},"type":"if","locations":[{"start":{"line":106,"column":1},"end":{"line":110,"column":2}},{"start":{},"end":{}}],"line":106}},"s":{"0":2,"1":2,"2":2,"3":2,"4":2,"5":2,"6":2,"7":2,"8":2,"9":2,"10":2,"11":2,"12":2,"13":2,"14":2,"15":2,"16":2,"17":1,"18":1,"19":2,"20":2,"21":2,"22":1,"23":1,"24":1,"25":1,"26":0,"27":0,"28":0,"29":0,"30":0,"31":2,"32":2,"33":2,"34":2,"35":1,"36":1,"37":2,"38":1,"39":1,"40":1,"41":1,"42":1,"43":0,"44":2,"45":2,"46":2,"47":2,"48":1,"49":1},"f":{"0":2,"1":2,"2":2,"3":1,"4":2},"b":{"0":[2,0],"1":[2,0],"2":[1,1],"3":[1,1],"4":[2,1,1,1],"5":[1,0],"6":[0,0],"7":[1,1],"8":[1,0],"9":[1,1]},"_coverageSchema":"1a1c01bbd47fc00a2c39e90264f33305004495a9","hash":"fc7a11e2be3732de8b1c198e898571d82ef9e669"}
,"G:\\ERP\\feeOn-backend\\middleware\\authorize.js": {"path":"G:\\ERP\\feeOn-backend\\middleware\\authorize.js","statementMap":{"0":{"start":{"line":1,"column":12},"end":{"line":1,"column":35}},"1":{"start":{"line":2,"column":14},"end":{"line":2,"column":30}},"2":{"start":{"line":3,"column":22},"end":{"line":3,"column":55}},"3":{"start":{"line":5,"column":14},"end":{"line":5,"column":23}},"4":{"start":{"line":7,"column":25},"end":{"line":59,"column":1}},"5":{"start":{"line":8,"column":1},"end":{"line":58,"column":2}},"6":{"start":{"line":10,"column":21},"end":{"line":10,"column":46}},"7":{"start":{"line":13,"column":2},"end":{"line":15,"column":3}},"8":{"start":{"line":14,"column":3},"end":{"line":14,"column":60}},"9":{"start":{"line":17,"column":16},"end":{"line":17,"column":39}},"10":{"start":{"line":20,"column":23},"end":{"line":20,"column":70}},"11":{"start":{"line":22,"column":2},"end":{"line":24,"column":3}},"12":{"start":{"line":23,"column":3},"end":{"line":23,"column":61}},"13":{"start":{"line":27,"column":17},"end":{"line":27,"column":29}},"14":{"start":{"line":30,"column":21},"end":{"line":30,"column":34}},"15":{"start":{"line":32,"column":2},"end":{"line":35,"column":3}},"16":{"start":{"line":33,"column":3},"end":{"line":33,"column":25}},"17":{"start":{"line":34,"column":3},"end":{"line":34,"column":17}},"18":{"start":{"line":38,"column":19},"end":{"line":40,"column":3}},"19":{"start":{"line":41,"column":15},"end":{"line":41,"column":28}},"20":{"start":{"line":42,"column":2},"end":{"line":44,"column":3}},"21":{"start":{"line":43,"column":3},"end":{"line":43,"column":60}},"22":{"start":{"line":47,"column":2},"end":{"line":47,"column":18}},"23":{"start":{"line":50,"column":2},"end":{"line":50,"column":22}},"24":{"start":{"line":52,"column":2},"end":{"line":52,"column":9}},"25":{"start":{"line":54,"column":2},"end":{"line":57,"column":4}},"26":{"start":{"line":60,"column":0},"end":{"line":60,"column":45}}},"fnMap":{"0":{"name":"(anonymous_0)","decl":{"start":{"line":7,"column":25},"end":{"line":7,"column":26}},"loc":{"start":{"line":7,"column":51},"end":{"line":59,"column":1}},"line":7}},"branchMap":{"0":{"loc":{"start":{"line":13,"column":2},"end":{"line":15,"column":3}},"type":"if","locations":[{"start":{"line":13,"column":2},"end":{"line":15,"column":3}},{"start":{},"end":{}}],"line":13},"1":{"loc":{"start":{"line":13,"column":6},"end":{"line":13,"column":54}},"type":"binary-expr","locations":[{"start":{"line":13,"column":6},"end":{"line":13,"column":17}},{"start":{"line":13,"column":21},"end":{"line":13,"column":54}}],"line":13},"2":{"loc":{"start":{"line":22,"column":2},"end":{"line":24,"column":3}},"type":"if","locations":[{"start":{"line":22,"column":2},"end":{"line":24,"column":3}},{"start":{},"end":{}}],"line":22},"3":{"loc":{"start":{"line":32,"column":2},"end":{"line":35,"column":3}},"type":"if","locations":[{"start":{"line":32,"column":2},"end":{"line":35,"column":3}},{"start":{},"end":{}}],"line":32},"4":{"loc":{"start":{"line":42,"column":2},"end":{"line":44,"column":3}},"type":"if","locations":[{"start":{"line":42,"column":2},"end":{"line":44,"column":3}},{"start":{},"end":{}}],"line":42}},"s":{"0":2,"1":2,"2":2,"3":2,"4":2,"5":6,"6":6,"7":6,"8":2,"9":4,"10":4,"11":4,"12":1,"13":3,"14":3,"15":3,"16":1,"17":1,"18":2,"19":2,"20":2,"21":1,"22":1,"23":1,"24":1,"25":0,"26":2},"f":{"0":6},"b":{"0":[2,4],"1":[6,5],"2":[1,3],"3":[1,2],"4":[1,1]},"_coverageSchema":"1a1c01bbd47fc00a2c39e90264f33305004495a9","hash":"b277da49be38a2ae28fa5c8022aa7704babe592a"}
,"G:\\ERP\\feeOn-backend\\models\\feeSchedule.js": {"path":"G:\\ERP\\feeOn-backend\\models\\feeSchedule.js","statementMap":{"0":{"start":{"line":1,"column":17},"end":{"line":1,"column":36}},"1":{"start":{"line":3,"column":26},"end":{"line":3,"column":34}},"2":{"start":{"line":5,"column":26},"end":{"line":47,"column":1}},"3":{"start":{"line":49,"column":0},"end":{"line":49,"column":57}}},"fnMap":{},"branchMap":{},"s":{"0":1,"1":1,"2":1,"3":1},"f":{},"b":{},"_coverageSchema":"1a1c01bbd47fc00a2c39e90264f33305004495a9","hash":"1641856d8e06bb95381c71de4dc06353e2237ad1"}
,"G:\\ERP\\feeOn-backend\\models\\feeType.js": {"path":"G:\\ERP\\feeOn-backend\\models\\feeType.js","statementMap":{"0":{"start":{"line":1,"column":17},"end":{"line":1,"column":36}},"1":{"start":{"line":3,"column":22},"end":{"line":39,"column":1}},"2":{"start":{"line":41,"column":16},"end":{"line":41,"column":56}},"3":{"start":{"line":43,"column":0},"end":{"line":43,"column":25}}},"fnMap":{},"branchMap":{},"s":{"0":2,"1":2,"2":2,"3":2},"f":{},"b":{},"_coverageSchema":"1a1c01bbd47fc00a2c39e90264f33305004495a9","hash":"7e5f50855648f9636d89dd06f41d358e5a413c1e"}
,"G:\\ERP\\feeOn-backend\\router\\feeSchedule.js": {"path":"G:\\ERP\\feeOn-backend\\router\\feeSchedule.js","statementMap":{"0":{"start":{"line":1,"column":15},"end":{"line":1,"column":42}},"1":{"start":{"line":8,"column":4},"end":{"line":8,"column":40}},"2":{"start":{"line":10,"column":0},"end":{"line":10,"column":43}},"3":{"start":{"line":12,"column":0},"end":{"line":12,"column":79}},"4":{"start":{"line":14,"column":0},"end":{"line":14,"column":24}}},"fnMap":{},"branchMap":{},"s":{"0":1,"1":1,"2":1,"3":1,"4":1},"f":{},"b":{},"_coverageSchema":"1a1c01bbd47fc00a2c39e90264f33305004495a9","hash":"dd25c2db1763dcf6494a03603bcfe213e5afe0ae"}
,"G:\\ERP\\feeOn-backend\\router\\feeType.js": {"path":"G:\\ERP\\feeOn-backend\\router\\feeType.js","statementMap":{"0":{"start":{"line":1,"column":16},"end":{"line":1,"column":34}},"1":{"start":{"line":3,"column":15},"end":{"line":3,"column":31}},"2":{"start":{"line":10,"column":4},"end":{"line":10,"column":36}},"3":{"start":{"line":13,"column":0},"end":{"line":13,"column":26}},"4":{"start":{"line":16,"column":0},"end":{"line":16,"column":25}},"5":{"start":{"line":19,"column":0},"end":{"line":19,"column":25}},"6":{"start":{"line":22,"column":0},"end":{"line":22,"column":27}},"7":{"start":{"line":25,"column":0},"end":{"line":25,"column":33}},"8":{"start":{"line":27,"column":0},"end":{"line":27,"column":24}}},"fnMap":{},"branchMap":{},"s":{"0":1,"1":1,"2":1,"3":1,"4":1,"5":1,"6":1,"7":1,"8":1},"f":{},"b":{},"_coverageSchema":"1a1c01bbd47fc00a2c39e90264f33305004495a9","hash":"7075e090089a77a23e8016305034a0526fd0aab2"}
,"G:\\ERP\\feeOn-backend\\utils\\catchAsync.js": {"path":"G:\\ERP\\feeOn-backend\\utils\\catchAsync.js","statementMap":{"0":{"start":{"line":1,"column":19},"end":{"line":3,"column":1}},"1":{"start":{"line":1,"column":25},"end":{"line":3,"column":1}},"2":{"start":{"line":2,"column":1},"end":{"line":2,"column":32}},"3":{"start":{"line":5,"column":0},"end":{"line":5,"column":28}}},"fnMap":{"0":{"name":"(anonymous_0)","decl":{"start":{"line":1,"column":19},"end":{"line":1,"column":20}},"loc":{"start":{"line":1,"column":25},"end":{"line":3,"column":1}},"line":1},"1":{"name":"(anonymous_1)","decl":{"start":{"line":1,"column":25},"end":{"line":1,"column":26}},"loc":{"start":{"line":1,"column":45},"end":{"line":3,"column":1}},"line":1}},"branchMap":{},"s":{"0":3,"1":17,"2":11,"3":3},"f":{"0":17,"1":11},"b":{},"_coverageSchema":"1a1c01bbd47fc00a2c39e90264f33305004495a9","hash":"d2ed17a3f8bac1f75dbc4b1626a82a6c3eb83ba7"}
,"G:\\ERP\\feeOn-backend\\utils\\errorResponse.js": {"path":"G:\\ERP\\feeOn-backend\\utils\\errorResponse.js","statementMap":{"0":{"start":{"line":3,"column":2},"end":{"line":3,"column":17}},"1":{"start":{"line":4,"column":2},"end":{"line":4,"column":31}},"2":{"start":{"line":8,"column":2},"end":{"line":11,"column":4}},"3":{"start":{"line":15,"column":0},"end":{"line":15,"column":31}}},"fnMap":{"0":{"name":"(anonymous_0)","decl":{"start":{"line":2,"column":1},"end":{"line":2,"column":2}},"loc":{"start":{"line":2,"column":34},"end":{"line":5,"column":2}},"line":2},"1":{"name":"(anonymous_1)","decl":{"start":{"line":7,"column":1},"end":{"line":7,"column":2}},"loc":{"start":{"line":7,"column":10},"end":{"line":12,"column":2}},"line":7}},"branchMap":{},"s":{"0":1,"1":1,"2":0,"3":4},"f":{"0":1,"1":0},"b":{},"_coverageSchema":"1a1c01bbd47fc00a2c39e90264f33305004495a9","hash":"154791b1c6d340b8496cb45e56c27cb2201316e6"}
,"G:\\ERP\\feeOn-backend\\utils\\successResponse.js": {"path":"G:\\ERP\\feeOn-backend\\utils\\successResponse.js","statementMap":{"0":{"start":{"line":1,"column":24},"end":{"line":6,"column":2}},"1":{"start":{"line":1,"column":76},"end":{"line":6,"column":1}},"2":{"start":{"line":8,"column":0},"end":{"line":8,"column":33}}},"fnMap":{"0":{"name":"(anonymous_0)","decl":{"start":{"line":1,"column":24},"end":{"line":1,"column":25}},"loc":{"start":{"line":1,"column":76},"end":{"line":6,"column":1}},"line":1}},"branchMap":{"0":{"loc":{"start":{"line":1,"column":25},"end":{"line":1,"column":36}},"type":"default-arg","locations":[{"start":{"line":1,"column":32},"end":{"line":1,"column":36}}],"line":1},"1":{"loc":{"start":{"line":1,"column":51},"end":{"line":1,"column":70}},"type":"default-arg","locations":[{"start":{"line":1,"column":61},"end":{"line":1,"column":70}}],"line":1}},"s":{"0":3,"1":1,"2":3},"f":{"0":1},"b":{"0":[0],"1":[0]},"_coverageSchema":"1a1c01bbd47fc00a2c39e90264f33305004495a9","hash":"15f3bbb9eaa5487a7db9480e70f72512d495de16"}
}
