TN:
SF:index.js
FN:35,(anonymous_0)
FN:38,(anonymous_1)
FN:42,(anonymous_2)
FN:51,(anonymous_3)
FNF:4
FNH:2
FNDA:0,(anonymous_0)
FNDA:0,(anonymous_1)
FNDA:1,(anonymous_2)
FNDA:1,(anonymous_3)
DA:1,1
DA:2,1
DA:3,1
DA:4,1
DA:5,1
DA:6,1
DA:7,1
DA:8,1
DA:9,1
DA:11,1
DA:13,1
DA:14,1
DA:15,1
DA:17,1
DA:24,1
DA:30,1
DA:36,0
DA:39,0
DA:42,1
DA:43,1
DA:48,1
DA:50,1
DA:51,1
DA:52,1
DA:55,1
LF:25
LH:23
BRDA:50,0,0,1
BRDA:50,0,1,0
BRF:2
BRH:1
end_of_record
TN:
SF:controller\feeType.js
FN:8,(anonymous_0)
FN:40,(anonymous_1)
FN:72,(anonymous_2)
FN:84,(anonymous_3)
FN:102,(anonymous_4)
FNF:5
FNH:5
FNDA:2,(anonymous_0)
FNDA:2,(anonymous_1)
FNDA:2,(anonymous_2)
FNDA:1,(anonymous_3)
FNDA:1,(anonymous_4)
DA:1,2
DA:2,2
DA:3,2
DA:4,2
DA:5,2
DA:8,2
DA:9,2
DA:10,2
DA:11,2
DA:12,2
DA:13,2
DA:14,2
DA:16,2
DA:17,2
DA:19,2
DA:27,2
DA:29,2
DA:30,1
DA:34,1
DA:40,2
DA:41,2
DA:42,2
DA:43,1
DA:48,1
DA:49,1
DA:50,1
DA:55,0
DA:61,0
DA:62,0
DA:66,0
DA:72,2
DA:73,2
DA:74,2
DA:75,2
DA:76,1
DA:80,1
DA:84,2
DA:85,1
DA:86,1
DA:87,1
DA:93,1
DA:94,1
DA:98,0
DA:102,2
DA:103,1
DA:104,1
DA:105,1
DA:106,1
DA:110,0
LF:49
LH:43
BRDA:13,0,0,2
BRDA:13,0,1,0
BRDA:16,1,0,2
BRDA:16,1,1,0
BRDA:29,2,0,1
BRDA:29,2,1,1
BRDA:42,3,0,1
BRDA:42,3,1,1
BRDA:42,4,0,2
BRDA:42,4,1,1
BRDA:42,4,2,1
BRDA:42,4,3,1
BRDA:49,5,0,1
BRDA:49,5,1,0
BRDA:61,6,0,0
BRDA:61,6,1,0
BRDA:75,7,0,1
BRDA:75,7,1,1
BRDA:93,8,0,1
BRDA:93,8,1,0
BRDA:105,9,0,1
BRDA:105,9,1,0
BRF:22
BRH:15
end_of_record
TN:
SF:middleware\authorize.js
FN:7,(anonymous_0)
FNF:1
FNH:1
FNDA:6,(anonymous_0)
DA:1,2
DA:2,2
DA:3,2
DA:5,2
DA:7,2
DA:8,6
DA:10,6
DA:13,6
DA:14,2
DA:17,4
DA:20,4
DA:22,4
DA:23,1
DA:27,3
DA:30,3
DA:32,3
DA:33,1
DA:34,1
DA:38,2
DA:41,2
DA:42,2
DA:43,1
DA:47,1
DA:50,1
DA:52,1
DA:54,0
DA:60,2
LF:27
LH:26
BRDA:13,0,0,2
BRDA:13,0,1,4
BRDA:13,1,0,6
BRDA:13,1,1,5
BRDA:22,2,0,1
BRDA:22,2,1,3
BRDA:32,3,0,1
BRDA:32,3,1,2
BRDA:42,4,0,1
BRDA:42,4,1,1
BRF:10
BRH:10
end_of_record
TN:
SF:models\feeType.js
FNF:0
FNH:0
DA:1,2
DA:3,2
DA:41,2
DA:43,2
LF:4
LH:4
BRF:0
BRH:0
end_of_record
TN:
SF:router\feeType.js
FNF:0
FNH:0
DA:1,1
DA:3,1
DA:10,1
DA:13,1
DA:16,1
DA:19,1
DA:22,1
DA:25,1
DA:27,1
LF:9
LH:9
BRF:0
BRH:0
end_of_record
TN:
SF:utils\catchAsync.js
FN:1,(anonymous_0)
FN:1,(anonymous_1)
FNF:2
FNH:2
FNDA:12,(anonymous_0)
FNDA:10,(anonymous_1)
DA:1,12
DA:2,10
DA:5,3
LF:3
LH:3
BRF:0
BRH:0
end_of_record
TN:
SF:utils\errorResponse.js
FN:2,(anonymous_0)
FN:7,(anonymous_1)
FNF:2
FNH:1
FNDA:1,(anonymous_0)
FNDA:0,(anonymous_1)
DA:3,1
DA:4,1
DA:8,0
DA:15,4
LF:4
LH:3
BRF:0
BRH:0
end_of_record
TN:
SF:utils\successResponse.js
FN:1,(anonymous_0)
FNF:1
FNH:1
FNDA:1,(anonymous_0)
DA:1,3
DA:8,3
LF:2
LH:2
BRDA:1,0,0,0
BRDA:1,1,0,0
BRF:2
BRH:0
end_of_record
