TN:
SF:controller\feeSchedule.js
FN:7,getScheduleDates
FN:26,(anonymous_1)
FN:41,(anonymous_2)
FN:71,(anonymous_3)
FN:103,(anonymous_4)
FN:118,(anonymous_5)
FN:128,(anonymous_6)
FN:155,(anonymous_7)
FNF:8
FNH:8
FNDA:3,getScheduleDates
FNDA:3,(anonymous_1)
FNDA:22,(anonymous_2)
FNDA:2,(anonymous_3)
FNDA:2,(anonymous_4)
FNDA:2,(anonymous_5)
FNDA:11,(anonymous_6)
FNDA:2,(anonymous_7)
DA:1,1
DA:2,1
DA:3,1
DA:4,1
DA:5,1
DA:8,3
DA:9,3
DA:11,3
DA:14,3
DA:15,24
DA:16,24
DA:17,24
DA:20,3
DA:26,1
DA:27,3
DA:35,3
DA:36,3
DA:37,1
DA:40,2
DA:41,22
DA:44,2
DA:46,2
DA:50,2
DA:51,1
DA:53,1
DA:54,1
DA:63,0
DA:65,1
DA:71,1
DA:72,2
DA:73,2
DA:74,2
DA:75,2
DA:76,2
DA:77,2
DA:79,2
DA:80,2
DA:82,2
DA:90,2
DA:92,2
DA:93,1
DA:95,1
DA:103,1
DA:104,2
DA:105,2
DA:109,2
DA:110,1
DA:112,1
DA:118,1
DA:119,2
DA:120,2
DA:122,2
DA:123,2
DA:124,2
DA:125,1
DA:127,1
DA:128,11
DA:131,1
DA:132,1
DA:133,1
DA:134,1
DA:147,0
DA:149,1
DA:155,1
DA:156,2
DA:157,2
DA:161,2
DA:162,1
DA:164,1
LF:69
LH:67
BRDA:15,0,0,18
BRDA:15,0,1,6
BRDA:30,1,0,2
BRDA:36,2,0,1
BRDA:36,2,1,2
BRDA:36,3,0,3
BRDA:36,3,1,3
BRDA:36,3,2,2
BRDA:36,3,3,2
BRDA:36,3,4,2
BRDA:50,4,0,1
BRDA:50,4,1,1
BRDA:72,5,0,0
BRDA:72,6,0,0
BRDA:76,7,0,2
BRDA:76,7,1,0
BRDA:79,8,0,2
BRDA:79,8,1,0
BRDA:92,9,0,1
BRDA:92,9,1,1
BRDA:109,10,0,1
BRDA:109,10,1,1
BRDA:124,11,0,1
BRDA:124,11,1,1
BRDA:161,12,0,1
BRDA:161,12,1,1
BRF:26
BRH:22
end_of_record
TN:
SF:controller\feeType.js
FN:9,(anonymous_0)
FN:38,(anonymous_1)
FN:68,(anonymous_2)
FN:81,(anonymous_3)
FN:102,(anonymous_4)
FNF:5
FNH:5
FNDA:3,(anonymous_0)
FNDA:2,(anonymous_1)
FNDA:2,(anonymous_2)
FNDA:1,(anonymous_3)
FNDA:2,(anonymous_4)
DA:1,1
DA:2,1
DA:3,1
DA:4,1
DA:5,1
DA:6,1
DA:9,1
DA:10,3
DA:11,3
DA:12,1
DA:15,2
DA:16,2
DA:17,1
DA:21,1
DA:22,1
DA:29,0
DA:30,0
DA:32,1
DA:38,1
DA:39,2
DA:40,2
DA:41,2
DA:42,2
DA:43,2
DA:44,2
DA:46,2
DA:47,2
DA:49,2
DA:57,2
DA:59,2
DA:60,1
DA:62,1
DA:68,1
DA:69,2
DA:70,2
DA:74,2
DA:75,1
DA:77,1
DA:81,1
DA:82,1
DA:84,1
DA:85,1
DA:95,1
DA:96,1
DA:98,0
DA:102,1
DA:103,2
DA:104,2
DA:108,2
DA:109,1
DA:111,1
LF:51
LH:48
BRDA:11,0,0,1
BRDA:11,0,1,2
BRDA:11,1,0,3
BRDA:11,1,1,2
BRDA:11,1,2,2
BRDA:11,1,3,2
BRDA:16,2,0,1
BRDA:16,2,1,1
BRDA:39,3,0,0
BRDA:39,4,0,0
BRDA:43,5,0,2
BRDA:43,5,1,0
BRDA:46,6,0,2
BRDA:46,6,1,0
BRDA:59,7,0,1
BRDA:59,7,1,1
BRDA:74,8,0,1
BRDA:74,8,1,1
BRDA:95,9,0,1
BRDA:95,9,1,0
BRDA:108,10,0,1
BRDA:108,10,1,1
BRF:22
BRH:17
end_of_record
TN:
SF:middleware\academicYear.js
FN:6,(anonymous_0)
FN:9,filterByActiveAcademicYearMiddleware
FN:21,(anonymous_2)
FN:64,addAcademicYearId
FN:90,(anonymous_4)
FNF:5
FNH:2
FNDA:5,(anonymous_0)
FNDA:0,filterByActiveAcademicYearMiddleware
FNDA:0,(anonymous_2)
FNDA:0,addAcademicYearId
FNDA:46,(anonymous_4)
DA:1,5
DA:2,5
DA:4,5
DA:6,5
DA:7,5
DA:15,0
DA:17,0
DA:18,0
DA:19,0
DA:21,0
DA:23,0
DA:24,0
DA:25,0
DA:26,0
DA:29,0
DA:31,0
DA:32,0
DA:37,0
DA:38,0
DA:39,0
DA:42,0
DA:48,0
DA:49,0
DA:50,0
DA:52,0
DA:55,0
DA:58,0
DA:61,0
DA:65,0
DA:66,0
DA:67,0
DA:71,0
DA:72,0
DA:73,0
DA:75,0
DA:81,0
DA:82,0
DA:84,0
DA:87,0
DA:90,5
DA:91,46
DA:92,46
DA:93,5
DA:94,5
DA:95,5
DA:96,5
DA:101,5
LF:47
LH:13
BRDA:15,0,0,0
BRDA:15,0,1,0
BRDA:19,1,0,0
BRDA:19,1,1,0
BRDA:23,2,0,0
BRDA:23,2,1,0
BRDA:31,3,0,0
BRDA:31,3,1,0
BRDA:48,4,0,0
BRDA:48,4,1,0
BRDA:49,5,0,0
BRDA:49,5,1,0
BRDA:66,6,0,0
BRDA:66,6,1,0
BRDA:71,7,0,0
BRDA:71,7,1,0
BRDA:92,8,0,5
BRDA:92,8,1,41
BRDA:92,9,0,46
BRDA:92,9,1,10
BRF:20
BRH:4
end_of_record
TN:
SF:middleware\authorize.js
FN:7,(anonymous_0)
FNF:1
FNH:1
FNDA:6,(anonymous_0)
DA:1,1
DA:2,1
DA:3,1
DA:5,1
DA:7,1
DA:8,6
DA:10,6
DA:13,6
DA:14,2
DA:17,4
DA:20,4
DA:22,4
DA:23,1
DA:27,3
DA:30,3
DA:32,3
DA:33,1
DA:34,1
DA:38,2
DA:41,2
DA:42,2
DA:43,1
DA:47,1
DA:50,1
DA:52,1
DA:54,0
DA:60,1
LF:27
LH:26
BRDA:13,0,0,2
BRDA:13,0,1,4
BRDA:13,1,0,6
BRDA:13,1,1,5
BRDA:22,2,0,1
BRDA:22,2,1,3
BRDA:32,3,0,1
BRDA:32,3,1,2
BRDA:42,4,0,1
BRDA:42,4,1,1
BRF:10
BRH:10
end_of_record
TN:
SF:models\academicYear.js
FNF:0
FNH:0
DA:1,2
DA:3,2
DA:5,2
DA:36,2
LF:4
LH:4
BRF:0
BRH:0
end_of_record
TN:
SF:models\feeInstallment.js
FNF:0
FNH:0
DA:1,1
DA:3,1
DA:5,1
DA:40,1
LF:4
LH:4
BRF:0
BRH:0
end_of_record
TN:
SF:models\feeSchedule.js
FNF:0
FNH:0
DA:1,2
DA:2,2
DA:4,2
DA:6,2
DA:45,2
DA:49,2
LF:6
LH:6
BRF:0
BRH:0
end_of_record
TN:
SF:models\feeStructure.js
FNF:0
FNH:0
DA:1,1
DA:2,1
DA:4,1
DA:6,1
DA:29,1
DA:72,1
DA:76,1
LF:7
LH:7
BRF:0
BRH:0
end_of_record
TN:
SF:models\feeType.js
FNF:0
FNH:0
DA:1,2
DA:2,2
DA:4,2
DA:47,2
DA:49,2
DA:51,2
LF:6
LH:6
BRF:0
BRH:0
end_of_record
TN:
SF:utils\catchAsync.js
FN:1,(anonymous_0)
FN:1,(anonymous_1)
FNF:2
FNH:2
FNDA:9,(anonymous_0)
FNDA:15,(anonymous_1)
DA:1,9
DA:2,15
DA:5,3
LF:3
LH:3
BRF:0
BRH:0
end_of_record
TN:
SF:utils\errorResponse.js
FN:2,(anonymous_0)
FNF:1
FNH:1
FNDA:1,(anonymous_0)
DA:3,1
DA:5,1
DA:6,1
DA:7,1
DA:9,1
DA:13,4
LF:6
LH:6
BRDA:6,0,0,1
BRDA:6,0,1,0
BRF:2
BRH:1
end_of_record
TN:
SF:utils\successResponse.js
FN:1,(anonymous_0)
FNF:1
FNH:1
FNDA:1,(anonymous_0)
DA:1,3
DA:8,3
LF:2
LH:2
BRDA:1,0,0,0
BRDA:1,1,0,0
BRF:2
BRH:0
end_of_record
